android/app/build/intermediates/manifest_merge_blame_file/debug/manifest-merger-blame-debug-report.txt
1<?xml version="1.0" encoding="utf-8"?>
2<manifest xmlns:android="http://schemas.android.com/apk/res/android"
3    package="com.rezeet"
4    android:versionCode="1"
5    android:versionName="1.0" >
6
7    <uses-sdk
8        android:minSdkVersion="21"
9        android:targetSdkVersion="33" />
10
11    <uses-permission android:name="android.permission.SYSTEM_ALERT_WINDOW" />
11-->src\debug\AndroidManifest.xml:5:5-77
11-->src\debug\AndroidManifest.xml:5:22-75
12    <uses-permission android:name="android.permission.INTERNET" />
12-->src\main\AndroidManifest.xml:3:5-67
12-->src\main\AndroidManifest.xml:3:22-64
13    <uses-permission android:name="android.permission.WRITE_EXTERNAL_STORAGE" />
13-->src\main\AndroidManifest.xml:8:5-80
13-->src\main\AndroidManifest.xml:8:22-78
14    <uses-permission android:name="android.permission.READ_EXTERNAL_STORAGE" />
14-->src\debug\AndroidManifest.xml:8:5-80
14-->src\debug\AndroidManifest.xml:8:22-77
15    <uses-permission android:name="android.permission.ACCESS_FINE_LOCATION" />
15-->src\main\AndroidManifest.xml:4:5-79
15-->src\main\AndroidManifest.xml:4:22-76
16    <uses-permission android:name="android.permission.ACCESS_COARSE_LOCATION" />
16-->src\main\AndroidManifest.xml:5:5-81
16-->src\main\AndroidManifest.xml:5:22-78
17    <uses-permission android:name="android.permission.VIBRATE" />
17-->src\main\AndroidManifest.xml:6:5-65
17-->src\main\AndroidManifest.xml:6:22-63
18    <uses-permission android:name="android.permission.CAMERA" />
18-->src\main\AndroidManifest.xml:7:5-65
18-->src\main\AndroidManifest.xml:7:22-62
19    <uses-permission android:name="android.permission.ACCESS_NETWORK_STATE" />
19-->src\main\AndroidManifest.xml:9:5-79
19-->src\main\AndroidManifest.xml:9:22-76
20    <uses-permission android:name="android.permission.ACCESS_WIFI_STATE" />
20-->[com.facebook.flipper:flipper:0.182.0] AndroidManifest.xml:16:5-76
20-->[com.facebook.flipper:flipper:0.182.0] AndroidManifest.xml:16:22-73
21    <!--
22         Required to keep CPU alive while downloading files
23        (NOT to keep screen awake)
24    -->
25    <uses-permission android:name="android.permission.WAKE_LOCK" /> <!-- Required to to download files without a notification -->
25-->[:react-native-blob-util] AndroidManifest.xml:14:5-68
25-->[:react-native-blob-util] AndroidManifest.xml:14:22-65
26    <uses-permission android:name="android.permission.DOWNLOAD_WITHOUT_NOTIFICATION" />
26-->[:react-native-blob-util] AndroidManifest.xml:32:5-88
26-->[:react-native-blob-util] AndroidManifest.xml:32:22-85
27
28    <uses-feature
28-->[:react-native-camera] AndroidManifest.xml:9:5-11:36
29        android:name="android.hardware.camera"
29-->[:react-native-camera] AndroidManifest.xml:10:9-47
30        android:required="false" />
30-->[:react-native-camera] AndroidManifest.xml:11:9-33
31    <uses-feature
31-->[:react-native-camera] AndroidManifest.xml:12:5-14:36
32        android:name="android.hardware.camera.autofocus"
32-->[:react-native-camera] AndroidManifest.xml:13:9-57
33        android:required="false" />
33-->[:react-native-camera] AndroidManifest.xml:14:9-33
34
35    <queries>
35-->[:react-native-image-crop-picker] AndroidManifest.xml:7:5-11:15
36        <intent>
36-->[:react-native-image-crop-picker] AndroidManifest.xml:8:9-10:18
37            <action android:name="android.media.action.IMAGE_CAPTURE" />
37-->[:react-native-image-crop-picker] AndroidManifest.xml:9:13-73
37-->[:react-native-image-crop-picker] AndroidManifest.xml:9:21-70
38        </intent>
39    </queries> <!-- Required to access Google Play Licensing -->
40    <uses-permission android:name="com.android.vending.CHECK_LICENSE" />
40-->[:rn-fetch-blob] AndroidManifest.xml:8:5-73
40-->[:rn-fetch-blob] AndroidManifest.xml:8:22-70
41
42    <application
42-->src\main\AndroidManifest.xml:17:5-39:19
43        android:name="com.rezeet.MainApplication"
43-->src\main\AndroidManifest.xml:18:7-38
44        android:allowBackup="false"
44-->src\main\AndroidManifest.xml:22:7-34
45        android:appComponentFactory="androidx.core.app.CoreComponentFactory"
45-->[androidx.core:core:1.8.0] AndroidManifest.xml:24:18-86
46        android:debuggable="true"
47        android:exported="true"
47-->src\main\AndroidManifest.xml:23:7-30
48        android:icon="@mipmap/ic_launcher"
48-->src\main\AndroidManifest.xml:20:7-41
49        android:label="@string/app_name"
49-->src\main\AndroidManifest.xml:19:7-39
50        android:roundIcon="@mipmap/ic_launcher_round"
50-->src\main\AndroidManifest.xml:21:7-52
51        android:testOnly="true"
52        android:theme="@style/AppTheme"
52-->src\main\AndroidManifest.xml:25:7-38
53        android:usesCleartextTraffic="true" >
53-->src\main\AndroidManifest.xml:24:7-42
54        <activity
54-->src\debug\AndroidManifest.xml:15:9-111
55            android:name="com.facebook.react.devsupport.DevSettingsActivity"
55-->src\debug\AndroidManifest.xml:15:19-83
56            android:exported="false" />
56-->src\debug\AndroidManifest.xml:15:84-108
57        <activity
57-->src\main\AndroidManifest.xml:26:7-38:18
58            android:name="com.rezeet.MainActivity"
58-->src\main\AndroidManifest.xml:27:9-37
59            android:configChanges="keyboard|keyboardHidden|orientation|screenLayout|screenSize|smallestScreenSize|uiMode"
59-->src\main\AndroidManifest.xml:30:9-118
60            android:exported="true"
60-->src\main\AndroidManifest.xml:33:9-32
61            android:label="@string/app_name"
61-->src\main\AndroidManifest.xml:28:9-41
62            android:launchMode="singleTask"
62-->src\main\AndroidManifest.xml:31:9-40
63            android:windowSoftInputMode="adjustResize" >
63-->src\main\AndroidManifest.xml:32:9-51
64            <intent-filter>
64-->src\main\AndroidManifest.xml:34:9-37:25
65                <action android:name="android.intent.action.MAIN" />
65-->src\main\AndroidManifest.xml:35:13-65
65-->src\main\AndroidManifest.xml:35:21-62
66
67                <category android:name="android.intent.category.LAUNCHER" />
67-->src\main\AndroidManifest.xml:36:13-73
67-->src\main\AndroidManifest.xml:36:23-70
68            </intent-filter>
69        </activity>
70
71        <provider
71-->[:react-native-blob-util] AndroidManifest.xml:35:9-43:20
72            android:name="com.ReactNativeBlobUtil.Utils.FileProvider"
72-->[:react-native-blob-util] AndroidManifest.xml:36:13-70
73            android:authorities="com.rezeet.provider"
73-->[:react-native-blob-util] AndroidManifest.xml:37:13-60
74            android:exported="false"
74-->[:react-native-blob-util] AndroidManifest.xml:38:13-37
75            android:grantUriPermissions="true" >
75-->[:react-native-blob-util] AndroidManifest.xml:39:13-47
76            <meta-data
76-->[:react-native-blob-util] AndroidManifest.xml:40:13-42:58
77                android:name="android.support.FILE_PROVIDER_PATHS"
77-->[:react-native-blob-util] AndroidManifest.xml:41:17-67
78                android:resource="@xml/provider_paths" />
78-->[:react-native-blob-util] AndroidManifest.xml:42:17-55
79        </provider>
80        <provider
80-->[:react-native-image-crop-picker] AndroidManifest.xml:16:9-24:20
81            android:name="com.reactnative.ivpusic.imagepicker.IvpusicImagePickerFileProvider"
81-->[:react-native-image-crop-picker] AndroidManifest.xml:17:13-94
82            android:authorities="com.rezeet.provider"
82-->[:react-native-image-crop-picker] AndroidManifest.xml:18:13-60
83            android:exported="false"
83-->[:react-native-image-crop-picker] AndroidManifest.xml:19:13-37
84            android:grantUriPermissions="true" >
84-->[:react-native-image-crop-picker] AndroidManifest.xml:20:13-47
85            <meta-data
85-->[:react-native-blob-util] AndroidManifest.xml:40:13-42:58
86                android:name="android.support.FILE_PROVIDER_PATHS"
86-->[:react-native-blob-util] AndroidManifest.xml:41:17-67
87                android:resource="@xml/ivpusic_imagepicker_provider_paths" />
87-->[:react-native-blob-util] AndroidManifest.xml:42:17-55
88        </provider>
89
90        <activity
90-->[:react-native-image-crop-picker] AndroidManifest.xml:26:9-28:72
91            android:name="com.yalantis.ucrop.UCropActivity"
91-->[:react-native-image-crop-picker] AndroidManifest.xml:27:13-60
92            android:theme="@style/Theme.AppCompat.Light.NoActionBar" />
92-->[:react-native-image-crop-picker] AndroidManifest.xml:28:13-69
93
94        <provider
94-->[:react-native-share] AndroidManifest.xml:8:9-16:20
95            android:name="cl.json.RNShareFileProvider"
95-->[:react-native-share] AndroidManifest.xml:9:13-55
96            android:authorities="com.rezeet.rnshare.fileprovider"
96-->[:react-native-share] AndroidManifest.xml:10:13-72
97            android:exported="false"
97-->[:react-native-share] AndroidManifest.xml:11:13-37
98            android:grantUriPermissions="true" >
98-->[:react-native-share] AndroidManifest.xml:12:13-47
99            <meta-data
99-->[:react-native-blob-util] AndroidManifest.xml:40:13-42:58
100                android:name="android.support.FILE_PROVIDER_PATHS"
100-->[:react-native-blob-util] AndroidManifest.xml:41:17-67
101                android:resource="@xml/share_download_paths" />
101-->[:react-native-blob-util] AndroidManifest.xml:42:17-55
102        </provider>
103        <provider
103-->[:rn-fetch-blob] AndroidManifest.xml:32:9-40:20
104            android:name="com.RNFetchBlob.Utils.FileProvider"
104-->[:rn-fetch-blob] AndroidManifest.xml:33:13-62
105            android:authorities="com.rezeet.provider"
105-->[:rn-fetch-blob] AndroidManifest.xml:34:13-60
106            android:exported="false"
106-->[:rn-fetch-blob] AndroidManifest.xml:35:13-37
107            android:grantUriPermissions="true" >
107-->[:rn-fetch-blob] AndroidManifest.xml:36:13-47
108            <meta-data
108-->[:react-native-blob-util] AndroidManifest.xml:40:13-42:58
109                android:name="android.support.FILE_PROVIDER_PATHS"
109-->[:react-native-blob-util] AndroidManifest.xml:41:17-67
110                android:resource="@xml/provider_paths" />
110-->[:react-native-blob-util] AndroidManifest.xml:42:17-55
111        </provider>
112
113        <service
113-->[com.google.android.gms:play-services-mlkit-barcode-scanning:16.2.0] AndroidManifest.xml:9:9-15:19
114            android:name="com.google.mlkit.common.internal.MlKitComponentDiscoveryService"
114-->[com.google.android.gms:play-services-mlkit-barcode-scanning:16.2.0] AndroidManifest.xml:10:13-91
115            android:directBootAware="true"
115-->[com.google.mlkit:common:17.2.0] AndroidManifest.xml:17:13-43
116            android:exported="false" >
116-->[com.google.android.gms:play-services-mlkit-barcode-scanning:16.2.0] AndroidManifest.xml:11:13-37
117            <meta-data
117-->[com.google.android.gms:play-services-mlkit-barcode-scanning:16.2.0] AndroidManifest.xml:12:13-14:85
118                android:name="com.google.firebase.components:com.google.mlkit.vision.barcode.internal.BarcodeRegistrar"
118-->[com.google.android.gms:play-services-mlkit-barcode-scanning:16.2.0] AndroidManifest.xml:13:17-120
119                android:value="com.google.firebase.components.ComponentRegistrar" />
119-->[com.google.android.gms:play-services-mlkit-barcode-scanning:16.2.0] AndroidManifest.xml:14:17-82
120            <meta-data
120-->[com.google.android.gms:play-services-mlkit-face-detection:16.2.0] AndroidManifest.xml:12:13-14:85
121                android:name="com.google.firebase.components:com.google.mlkit.vision.face.internal.FaceRegistrar"
121-->[com.google.android.gms:play-services-mlkit-face-detection:16.2.0] AndroidManifest.xml:13:17-114
122                android:value="com.google.firebase.components.ComponentRegistrar" />
122-->[com.google.android.gms:play-services-mlkit-face-detection:16.2.0] AndroidManifest.xml:14:17-82
123            <meta-data
123-->[com.google.android.gms:play-services-mlkit-text-recognition:16.3.0] AndroidManifest.xml:12:13-14:85
124                android:name="com.google.firebase.components:com.google.mlkit.vision.text.internal.TextRegistrar"
124-->[com.google.android.gms:play-services-mlkit-text-recognition:16.3.0] AndroidManifest.xml:13:17-114
125                android:value="com.google.firebase.components.ComponentRegistrar" />
125-->[com.google.android.gms:play-services-mlkit-text-recognition:16.3.0] AndroidManifest.xml:14:17-82
126            <meta-data
126-->[com.google.mlkit:vision-common:16.5.0] AndroidManifest.xml:12:13-14:85
127                android:name="com.google.firebase.components:com.google.mlkit.vision.common.internal.VisionCommonRegistrar"
127-->[com.google.mlkit:vision-common:16.5.0] AndroidManifest.xml:13:17-124
128                android:value="com.google.firebase.components.ComponentRegistrar" />
128-->[com.google.mlkit:vision-common:16.5.0] AndroidManifest.xml:14:17-82
129            <meta-data
129-->[com.google.mlkit:common:17.2.0] AndroidManifest.xml:20:13-22:85
130                android:name="com.google.firebase.components:com.google.mlkit.common.internal.CommonComponentRegistrar"
130-->[com.google.mlkit:common:17.2.0] AndroidManifest.xml:21:17-120
131                android:value="com.google.firebase.components.ComponentRegistrar" />
131-->[com.google.mlkit:common:17.2.0] AndroidManifest.xml:22:17-82
132        </service>
133
134        <provider
134-->[com.google.mlkit:common:17.2.0] AndroidManifest.xml:9:9-13:38
135            android:name="com.google.mlkit.common.internal.MlKitInitProvider"
135-->[com.google.mlkit:common:17.2.0] AndroidManifest.xml:10:13-78
136            android:authorities="com.rezeet.mlkitinitprovider"
136-->[com.google.mlkit:common:17.2.0] AndroidManifest.xml:11:13-69
137            android:exported="false"
137-->[com.google.mlkit:common:17.2.0] AndroidManifest.xml:12:13-37
138            android:initOrder="99" />
138-->[com.google.mlkit:common:17.2.0] AndroidManifest.xml:13:13-35
139
140        <activity
140-->[com.google.android.gms:play-services-base:17.6.0] AndroidManifest.xml:23:9-26:75
141            android:name="com.google.android.gms.common.api.GoogleApiActivity"
141-->[com.google.android.gms:play-services-base:17.6.0] AndroidManifest.xml:24:13-79
142            android:exported="false"
142-->[com.google.android.gms:play-services-base:17.6.0] AndroidManifest.xml:25:13-37
143            android:theme="@android:style/Theme.Translucent.NoTitleBar" />
143-->[com.google.android.gms:play-services-base:17.6.0] AndroidManifest.xml:26:13-72
144
145        <meta-data
145-->[com.google.android.gms:play-services-basement:17.6.0] AndroidManifest.xml:23:9-25:69
146            android:name="com.google.android.gms.version"
146-->[com.google.android.gms:play-services-basement:17.6.0] AndroidManifest.xml:24:13-58
147            android:value="@integer/google_play_services_version" />
147-->[com.google.android.gms:play-services-basement:17.6.0] AndroidManifest.xml:25:13-66
148        <meta-data
148-->[com.facebook.soloader:soloader:0.10.5] AndroidManifest.xml:12:9-14:37
149            android:name="com.facebook.soloader.enabled"
149-->[com.facebook.soloader:soloader:0.10.5] AndroidManifest.xml:13:13-57
150            android:value="false" />
150-->[com.facebook.soloader:soloader:0.10.5] AndroidManifest.xml:14:13-34
151
152        <provider
152-->[androidx.emoji2:emoji2:1.2.0] AndroidManifest.xml:24:9-32:20
153            android:name="androidx.startup.InitializationProvider"
153-->[androidx.emoji2:emoji2:1.2.0] AndroidManifest.xml:25:13-67
154            android:authorities="com.rezeet.androidx-startup"
154-->[androidx.emoji2:emoji2:1.2.0] AndroidManifest.xml:26:13-68
155            android:exported="false" >
155-->[androidx.emoji2:emoji2:1.2.0] AndroidManifest.xml:27:13-37
156            <meta-data
156-->[androidx.emoji2:emoji2:1.2.0] AndroidManifest.xml:29:13-31:52
157                android:name="androidx.emoji2.text.EmojiCompatInitializer"
157-->[androidx.emoji2:emoji2:1.2.0] AndroidManifest.xml:30:17-75
158                android:value="androidx.startup" />
158-->[androidx.emoji2:emoji2:1.2.0] AndroidManifest.xml:31:17-49
159            <meta-data
159-->[androidx.lifecycle:lifecycle-process:2.4.1] AndroidManifest.xml:31:13-33:52
160                android:name="androidx.lifecycle.ProcessLifecycleInitializer"
160-->[androidx.lifecycle:lifecycle-process:2.4.1] AndroidManifest.xml:32:17-78
161                android:value="androidx.startup" />
161-->[androidx.lifecycle:lifecycle-process:2.4.1] AndroidManifest.xml:33:17-49
162        </provider>
163
164        <service
164-->[com.google.android.datatransport:transport-backend-cct:2.3.3] AndroidManifest.xml:29:9-35:19
165            android:name="com.google.android.datatransport.runtime.backends.TransportBackendDiscovery"
165-->[com.google.android.datatransport:transport-backend-cct:2.3.3] AndroidManifest.xml:30:13-103
166            android:exported="false" >
166-->[com.google.android.datatransport:transport-backend-cct:2.3.3] AndroidManifest.xml:31:13-37
167            <meta-data
167-->[com.google.android.datatransport:transport-backend-cct:2.3.3] AndroidManifest.xml:32:13-34:39
168                android:name="backend:com.google.android.datatransport.cct.CctBackendFactory"
168-->[com.google.android.datatransport:transport-backend-cct:2.3.3] AndroidManifest.xml:33:17-94
169                android:value="cct" />
169-->[com.google.android.datatransport:transport-backend-cct:2.3.3] AndroidManifest.xml:34:17-36
170        </service>
171        <service
171-->[com.google.android.datatransport:transport-runtime:2.2.6] AndroidManifest.xml:26:9-30:19
172            android:name="com.google.android.datatransport.runtime.scheduling.jobscheduling.JobInfoSchedulerService"
172-->[com.google.android.datatransport:transport-runtime:2.2.6] AndroidManifest.xml:27:13-117
173            android:exported="false"
173-->[com.google.android.datatransport:transport-runtime:2.2.6] AndroidManifest.xml:28:13-37
174            android:permission="android.permission.BIND_JOB_SERVICE" >
174-->[com.google.android.datatransport:transport-runtime:2.2.6] AndroidManifest.xml:29:13-69
175        </service>
176
177        <receiver
177-->[com.google.android.datatransport:transport-runtime:2.2.6] AndroidManifest.xml:32:9-34:40
178            android:name="com.google.android.datatransport.runtime.scheduling.jobscheduling.AlarmManagerSchedulerBroadcastReceiver"
178-->[com.google.android.datatransport:transport-runtime:2.2.6] AndroidManifest.xml:33:13-132
179            android:exported="false" />
179-->[com.google.android.datatransport:transport-runtime:2.2.6] AndroidManifest.xml:34:13-37
180    </application>
181
182</manifest>